
> next-app-template@0.0.1 build C:\Users\presyze\Projects\ASU\ihack\.worktrees\vela-build
> next build

 ⚠ Warning: Next.js inferred your workspace root, but it may not be correct.
 We detected multiple lockfiles and selected the directory of C:\Users\presyze\package-lock.json as the root directory.
 To silence this warning, set `outputFileTracingRoot` in your Next.js config, or consider removing one of the lockfiles if it's not needed.
   See https://nextjs.org/docs/app/api-reference/config/next-config-js/output#caveats for more information.
 Detected additional lockfiles: 
   * C:\Users\presyze\Projects\ASU\ihack\.worktrees\vela-build\pnpm-lock.yaml
   * C:\Users\presyze\Projects\ASU\ihack\pnpm-lock.yaml

   ▲ Next.js 15.5.9

   Creating an optimized production build ...
 ✓ Compiled successfully in 7.8s
   Linting and checking validity of types ...
 ⨯ ESLint: ESLint configuration in  » plugin:@next/next/recommended is invalid: 	- Unexpected top-level property "name".  Referenced from: 
   Collecting page data ...
   Generating static pages (0/14) ...
   Generating static pages (3/14) 
   Generating static pages (6/14) 
Error occurred prerendering page "/login". Read more: https://nextjs.org/docs/messages/prerender-error
Error: @supabase/ssr: Your project's URL and API key are required to create a Supabase client!

Check your Supabase project's API settings to find these values

https://supabase.com/dashboard/project/_/settings/api
    at <unknown> (https://supabase.com/dashboard/project/_/settings/api)
    at <unknown> (C:\Users\presyze\Projects\ASU\ihack\.worktrees\vela-build\.next\server\app\(auth)\login\page.js:62:7136)
    at fS (C:\Users\presyze\Projects\ASU\ihack\.worktrees\vela-build\.next\server\app\(auth)\login\page.js:66:4920) {
  digest: '2986636040'
}
Export encountered an error on /(auth)/login/page: /login, exiting the build.
 ⨯ Next.js build worker exited with code: 1 and signal: null
 ELIFECYCLE  Command failed with exit code 1.
